{
  "0 debug pnpm:scope": {
    "selected": 1
  },
  "1 error pnpm": {
    "code": "ELIFECYCLE",
    "errno": "ENOENT",
    "syscall": "spawn",
    "file": "sh",
    "pkgid": "web-raw@0.0.0",
    "stage": "dev",
    "script": "vite",
    "pkgname": "web-raw",
    "err": {
      "name": "Error",
      "message": "web-raw@0.0.0 dev: `vite`\nspawn ENOENT",
      "code": "ELIFECYCLE",
      "stack": "Error: web-raw@0.0.0 dev: `vite`\nspawn ENOENT\n    at ChildProcess.<anonymous> (/Users/namnguyen/.nvm/versions/node/v14.17.3/pnpm-global/5/node_modules/.pnpm/pnpm@6.10.2/node_modules/pnpm/dist/pnpm.cjs:94672:22)\n    at ChildProcess.emit (events.js:375:28)\n    at maybeClose (internal/child_process.js:1055:16)\n    at Process.ChildProcess._handle.onexit (internal/child_process.js:288:5)"
    }
  }
}